<?xml version="1.0" encoding="UTF-8"?>
<testng-results ignored="0" total="1" passed="1" failed="0" skipped="0">
  <reporter-output>
  </reporter-output>
  <suite started-at="2023-09-26T14:49:12 IST" name="Suite" finished-at="2023-09-26T14:49:22 IST" duration-ms="9403">
    <groups>
    </groups>
    <test started-at="2023-09-26T14:49:12 IST" name="Test" finished-at="2023-09-26T14:49:22 IST" duration-ms="9403">
      <class name="Kiran.Imriel.test.Kiran.Imriel.test.test">
        <test-method is-config="true" signature="setup1()[pri:0, instance:Kiran.Imriel.test.Kiran.Imriel.test.test@2e8c1c9b]" started-at="2023-09-26T14:49:12 IST" name="setup1" finished-at="2023-09-26T14:49:18 IST" duration-ms="5356" status="PASS">
          <reporter-output>
          </reporter-output>
        </test-method> <!-- setup1 -->
        <test-method signature="Validate_User_Checkout()[pri:1, instance:Kiran.Imriel.test.Kiran.Imriel.test.test@2e8c1c9b]" started-at="2023-09-26T14:49:18 IST" name="Validate_User_Checkout" finished-at="2023-09-26T14:49:21 IST" duration-ms="3520" status="PASS">
          <reporter-output>
          </reporter-output>
        </test-method> <!-- Validate_User_Checkout -->
        <test-method is-config="true" signature="teardown()[pri:0, instance:Kiran.Imriel.test.Kiran.Imriel.test.test@2e8c1c9b]" started-at="2023-09-26T14:49:21 IST" name="teardown" finished-at="2023-09-26T14:49:22 IST" duration-ms="405" status="PASS">
          <reporter-output>
          </reporter-output>
        </test-method> <!-- teardown -->
      </class> <!-- Kiran.Imriel.test.Kiran.Imriel.test.test -->
    </test> <!-- Test -->
  </suite> <!-- Suite -->
</testng-results>
